#
# There is insufficient memory for the Java Runtime Environment to continue.
# Native memory allocation (malloc) failed to allocate 335856 bytes for Chunk::new
# Possible reasons:
#   The system is out of physical RAM or swap space
#   The process is running with CompressedOops enabled, and the Java Heap may be blocking the growth of the native heap
# Possible solutions:
#   Reduce memory load on the system
#   Increase physical memory or swap space
#   Check if swap backing store is full
#   Decrease Java heap size (-Xmx/-Xms)
#   Decrease number of Java threads
#   Decrease Java thread stack sizes (-Xss)
#   Set larger code cache with -XX:ReservedCodeCacheSize=
#   JVM is running with Unscaled Compressed Oops mode in which the Java heap is
#     placed in the first 4GB address space. The Java Heap base address is the
#     maximum limit for the native heap growth. Please use -XX:HeapBaseMinAddress
#     to set the Java Heap base and to place the Java Heap above 4GB virtual address.
# This output file may be truncated or incomplete.
#
#  Out of Memory Error (./open/src/hotspot/share/memory/arena.cpp:197), pid=14324, tid=508
#
# JRE version: Java(TM) SE Runtime Environment 18.9 (11.0.23+7) (build 11.0.23+7-LTS-222)
# Java VM: Java HotSpot(TM) 64-Bit Server VM 18.9 (11.0.23+7-LTS-222, mixed mode, tiered, compressed oops, g1 gc, windows-amd64)
# No core dump will be written. Minidumps are not enabled by default on client versions of Windows
#

---------------  S U M M A R Y ------------

Command Line: -Dclassworlds.conf=D:\maven\apache-maven-3.9.6\bin\m2.conf -Dmaven.home=D:\maven\apache-maven-3.9.6 -Dlibrary.jansi.path=D:\maven\apache-maven-3.9.6\lib\jansi-native -Dmaven.multiModuleProjectDirectory=D:\Food\eurekaServer org.codehaus.plexus.classworlds.launcher.Launcher clean package

Host: Intel(R) Core(TM) i3-4005U CPU @ 1.70GHz, 4 cores, 3G,  Windows 10 , 64 bit Build 19041 (10.0.19041.4957)
Time: Thu Oct  3 01:19:08 2024 India Standard Time elapsed time: 38.317709 seconds (0d 0h 0m 38s)

---------------  T H R E A D  ---------------

Current thread (0x000001bdad2e8800):  JavaThread "C2 CompilerThread0" daemon [_thread_in_native, id=508, stack(0x000000a45c300000,0x000000a45c400000)]


Current CompileTask:
C2:  38317 5869       4       org.apache.maven.model.merge.MavenModelMerger::mergePlugin_Executions (235 bytes)

Stack: [0x000000a45c300000,0x000000a45c400000]
Native frames: (J=compiled Java code, j=interpreted, Vv=VM code, C=native code)
V  [jvm.dll+0x65524a]
V  [jvm.dll+0x79646f]
V  [jvm.dll+0x797b39]
V  [jvm.dll+0x7981e3]
V  [jvm.dll+0x254ee5]
V  [jvm.dll+0xb310c]
V  [jvm.dll+0xb371c]
V  [jvm.dll+0x2c62f2]
V  [jvm.dll+0x564f07]
V  [jvm.dll+0x20e637]
V  [jvm.dll+0x210838]
V  [jvm.dll+0x20dd04]
V  [jvm.dll+0x18b291]
V  [jvm.dll+0x21def4]
V  [jvm.dll+0x21c21c]
V  [jvm.dll+0x75a5f1]
V  [jvm.dll+0x752ef4]
V  [jvm.dll+0x6540f5]
C  [ucrtbase.dll+0x21bb2]
C  [KERNEL32.DLL+0x17374]
C  [ntdll.dll+0x4cc91]


---------------  P R O C E S S  ---------------

Threads class SMR info:
_java_thread_list=0x000001bdad57d130, length=10, elements={
0x000001bd919aa000, 0x000001bdad25b000, 0x000001bdad25c000, 0x000001bdad2da800,
0x000001bdad2dd800, 0x000001bdad2e1000, 0x000001bdad2e8800, 0x000001bdad2f1800,
0x000001bdad430800, 0x000001bdad581000
}

Java Threads: ( => current thread )
  0x000001bd919aa000 JavaThread "main" [_thread_in_Java, id=19232, stack(0x000000a45b700000,0x000000a45b800000)]
  0x000001bdad25b000 JavaThread "Reference Handler" daemon [_thread_blocked, id=20284, stack(0x000000a45be00000,0x000000a45bf00000)]
  0x000001bdad25c000 JavaThread "Finalizer" daemon [_thread_blocked, id=14508, stack(0x000000a45bf00000,0x000000a45c000000)]
  0x000001bdad2da800 JavaThread "Signal Dispatcher" daemon [_thread_blocked, id=18844, stack(0x000000a45c000000,0x000000a45c100000)]
  0x000001bdad2dd800 JavaThread "Attach Listener" daemon [_thread_blocked, id=19336, stack(0x000000a45c100000,0x000000a45c200000)]
  0x000001bdad2e1000 JavaThread "Service Thread" daemon [_thread_blocked, id=20828, stack(0x000000a45c200000,0x000000a45c300000)]
=>0x000001bdad2e8800 JavaThread "C2 CompilerThread0" daemon [_thread_in_native, id=508, stack(0x000000a45c300000,0x000000a45c400000)]
  0x000001bdad2f1800 JavaThread "C1 CompilerThread0" daemon [_thread_blocked, id=17492, stack(0x000000a45c400000,0x000000a45c500000)]
  0x000001bdad430800 JavaThread "Sweeper thread" daemon [_thread_blocked, id=19000, stack(0x000000a45c500000,0x000000a45c600000)]
  0x000001bdad581000 JavaThread "Common-Cleaner" daemon [_thread_blocked, id=14568, stack(0x000000a45c700000,0x000000a45c800000)]

Other Threads:
  0x000001bdad259000 VMThread "VM Thread" [stack: 0x000000a45bd00000,0x000000a45be00000] [id=21224]
  0x000001bdad57a800 WatcherThread [stack: 0x000000a45c600000,0x000000a45c700000] [id=20940]
  0x000001bd919bb000 GCTaskThread "GC Thread#0" [stack: 0x000000a45b800000,0x000000a45b900000] [id=18480]
  0x000001bdadfed800 GCTaskThread "GC Thread#1" [stack: 0x000000a45c800000,0x000000a45c900000] [id=3424]
  0x000001bd919d5800 ConcurrentGCThread "G1 Main Marker" [stack: 0x000000a45b900000,0x000000a45ba00000] [id=21304]
  0x000001bd919d7800 ConcurrentGCThread "G1 Conc#0" [stack: 0x000000a45ba00000,0x000000a45bb00000] [id=21420]
  0x000001bd91a33000 ConcurrentGCThread "G1 Refine#0" [stack: 0x000000a45bb00000,0x000000a45bc00000] [id=18908]
  0x000001bd91a35000 ConcurrentGCThread "G1 Young RemSet Sampling" [stack: 0x000000a45bc00000,0x000000a45bd00000] [id=13896]

Threads with active compile tasks:
C2 CompilerThread0    38436 5869       4       org.apache.maven.model.merge.MavenModelMerger::mergePlugin_Executions (235 bytes)

VM state:not at safepoint (normal execution)

VM Mutex/Monitor currently owned by a thread: None

Heap address: 0x00000000c1800000, size: 1000 MB, Compressed Oops mode: 32-bit
Narrow klass base: 0x0000000000000000, Narrow klass shift: 3
Compressed class space size: 1073741824 Address: 0x0000000100000000

Heap:
 garbage-first heap   total 95232K, used 58026K [0x00000000c1800000, 0x0000000100000000)
  region size 1024K, 9 young (9216K), 3 survivors (3072K)
 Metaspace       used 34873K, capacity 35664K, committed 35840K, reserved 1081344K
  class space    used 3754K, capacity 4059K, committed 4096K, reserved 1048576K
Heap Regions: E=young(eden), S=young(survivor), O=old, HS=humongous(starts), HC=humongous(continues), CS=collection set, F=free, A=archive, TAMS=top-at-mark-start (previous, next)
|   0|0x00000000c1800000, 0x00000000c1900000, 0x00000000c1900000|100%| O|  |TAMS 0x00000000c1900000, 0x00000000c1800000| Untracked 
|   1|0x00000000c1900000, 0x00000000c1a00000, 0x00000000c1a00000|100%| O|  |TAMS 0x00000000c1a00000, 0x00000000c1900000| Untracked 
|   2|0x00000000c1a00000, 0x00000000c1b00000, 0x00000000c1b00000|100%| O|  |TAMS 0x00000000c1b00000, 0x00000000c1a00000| Untracked 
|   3|0x00000000c1b00000, 0x00000000c1c00000, 0x00000000c1c00000|100%| O|  |TAMS 0x00000000c1c00000, 0x00000000c1b00000| Untracked 
|   4|0x00000000c1c00000, 0x00000000c1d00000, 0x00000000c1d00000|100%| O|  |TAMS 0x00000000c1d00000, 0x00000000c1c00000| Untracked 
|   5|0x00000000c1d00000, 0x00000000c1e00000, 0x00000000c1e00000|100%| O|  |TAMS 0x00000000c1e00000, 0x00000000c1d00000| Untracked 
|   6|0x00000000c1e00000, 0x00000000c1f00000, 0x00000000c1f00000|100%| O|  |TAMS 0x00000000c1f00000, 0x00000000c1e00000| Untracked 
|   7|0x00000000c1f00000, 0x00000000c2000000, 0x00000000c2000000|100%| O|  |TAMS 0x00000000c2000000, 0x00000000c1f00000| Untracked 
|   8|0x00000000c2000000, 0x00000000c2100000, 0x00000000c2100000|100%| O|  |TAMS 0x00000000c2100000, 0x00000000c2000000| Untracked 
|   9|0x00000000c2100000, 0x00000000c2200000, 0x00000000c2200000|100%| O|  |TAMS 0x00000000c2200000, 0x00000000c2100000| Untracked 
|  10|0x00000000c2200000, 0x00000000c2300000, 0x00000000c2300000|100%| O|  |TAMS 0x00000000c2300000, 0x00000000c2200000| Complete 
|  11|0x00000000c2300000, 0x00000000c2400000, 0x00000000c2400000|100%| O|  |TAMS 0x00000000c2400000, 0x00000000c2300000| Untracked 
|  12|0x00000000c2400000, 0x00000000c2500000, 0x00000000c2500000|100%| O|  |TAMS 0x00000000c2500000, 0x00000000c2400000| Untracked 
|  13|0x00000000c2500000, 0x00000000c2600000, 0x00000000c2600000|100%| O|  |TAMS 0x00000000c2600000, 0x00000000c2500000| Untracked 
|  14|0x00000000c2600000, 0x00000000c2700000, 0x00000000c2700000|100%| O|  |TAMS 0x00000000c2700000, 0x00000000c2600000| Complete 
|  15|0x00000000c2700000, 0x00000000c2800000, 0x00000000c2800000|100%| O|  |TAMS 0x00000000c2800000, 0x00000000c2700000| Untracked 
|  16|0x00000000c2800000, 0x00000000c2900000, 0x00000000c2900000|100%| O|  |TAMS 0x00000000c2900000, 0x00000000c2800000| Untracked 
|  17|0x00000000c2900000, 0x00000000c2a00000, 0x00000000c2a00000|100%| O|  |TAMS 0x00000000c2a00000, 0x00000000c2900000| Complete 
|  18|0x00000000c2a00000, 0x00000000c2b00000, 0x00000000c2b00000|100%| O|  |TAMS 0x00000000c2b00000, 0x00000000c2a00000| Complete 
|  19|0x00000000c2b00000, 0x00000000c2c00000, 0x00000000c2c00000|100%| O|  |TAMS 0x00000000c2c00000, 0x00000000c2b00000| Untracked 
|  20|0x00000000c2c00000, 0x00000000c2d00000, 0x00000000c2d00000|100%| O|  |TAMS 0x00000000c2d00000, 0x00000000c2c00000| Untracked 
|  21|0x00000000c2d00000, 0x00000000c2e00000, 0x00000000c2e00000|100%| O|  |TAMS 0x00000000c2e00000, 0x00000000c2d00000| Complete 
|  22|0x00000000c2e00000, 0x00000000c2f00000, 0x00000000c2f00000|100%| O|  |TAMS 0x00000000c2f00000, 0x00000000c2e00000| Complete 
|  23|0x00000000c2f00000, 0x00000000c3000000, 0x00000000c3000000|100%| O|  |TAMS 0x00000000c3000000, 0x00000000c2f00000| Complete 
|  24|0x00000000c3000000, 0x00000000c3100000, 0x00000000c3100000|100%| O|  |TAMS 0x00000000c3100000, 0x00000000c3000000| Complete 
|  25|0x00000000c3100000, 0x00000000c3200000, 0x00000000c3200000|100%| O|  |TAMS 0x00000000c3200000, 0x00000000c3100000| Untracked 
|  26|0x00000000c3200000, 0x00000000c3300000, 0x00000000c3300000|100%| O|  |TAMS 0x00000000c3300000, 0x00000000c3200000| Complete 
|  27|0x00000000c3300000, 0x00000000c3400000, 0x00000000c3400000|100%| O|  |TAMS 0x00000000c3400000, 0x00000000c3300000| Untracked 
|  28|0x00000000c3400000, 0x00000000c3500000, 0x00000000c3500000|100%| O|  |TAMS 0x00000000c3500000, 0x00000000c3400000| Complete 
|  29|0x00000000c3500000, 0x00000000c3600000, 0x00000000c3600000|100%| O|  |TAMS 0x00000000c3600000, 0x00000000c3500000| Complete 
|  30|0x00000000c3600000, 0x00000000c3700000, 0x00000000c3700000|100%| O|  |TAMS 0x00000000c3700000, 0x00000000c3600000| Complete 
|  31|0x00000000c3700000, 0x00000000c3800000, 0x00000000c3800000|100%| O|  |TAMS 0x00000000c3800000, 0x00000000c3700000| Complete 
|  32|0x00000000c3800000, 0x00000000c3900000, 0x00000000c3900000|100%| O|  |TAMS 0x00000000c3900000, 0x00000000c3800000| Complete 
|  33|0x00000000c3900000, 0x00000000c3a00000, 0x00000000c3a00000|100%| O|  |TAMS 0x00000000c3a00000, 0x00000000c3900000| Complete 
|  34|0x00000000c3a00000, 0x00000000c3b00000, 0x00000000c3b00000|100%| O|  |TAMS 0x00000000c3b00000, 0x00000000c3a00000| Complete 
|  35|0x00000000c3b00000, 0x00000000c3c00000, 0x00000000c3c00000|100%| O|  |TAMS 0x00000000c3c00000, 0x00000000c3b00000| Untracked 
|  36|0x00000000c3c00000, 0x00000000c3d00000, 0x00000000c3d00000|100%| O|  |TAMS 0x00000000c3d00000, 0x00000000c3c00000| Untracked 
|  37|0x00000000c3d00000, 0x00000000c3e00000, 0x00000000c3e00000|100%| O|  |TAMS 0x00000000c3e00000, 0x00000000c3d00000| Untracked 
|  38|0x00000000c3e00000, 0x00000000c3f00000, 0x00000000c3f00000|100%| O|  |TAMS 0x00000000c3f00000, 0x00000000c3e00000| Untracked 
|  39|0x00000000c3f00000, 0x00000000c4000000, 0x00000000c4000000|100%| O|  |TAMS 0x00000000c4000000, 0x00000000c3f00000| Complete 
|  40|0x00000000c4000000, 0x00000000c4100000, 0x00000000c4100000|100%| O|  |TAMS 0x00000000c4100000, 0x00000000c4000000| Complete 
|  41|0x00000000c4100000, 0x00000000c4200000, 0x00000000c4200000|100%| O|  |TAMS 0x00000000c4200000, 0x00000000c4100000| Untracked 
|  42|0x00000000c4200000, 0x00000000c4300000, 0x00000000c4300000|100%| O|  |TAMS 0x00000000c4300000, 0x00000000c4200000| Untracked 
|  43|0x00000000c4300000, 0x00000000c4400000, 0x00000000c4400000|100%| O|  |TAMS 0x00000000c4400000, 0x00000000c4300000| Complete 
|  44|0x00000000c4400000, 0x00000000c4500000, 0x00000000c4500000|100%| O|  |TAMS 0x00000000c4500000, 0x00000000c4400000| Complete 
|  45|0x00000000c4500000, 0x00000000c4600000, 0x00000000c4600000|100%| O|  |TAMS 0x00000000c4600000, 0x00000000c4500000| Untracked 
|  46|0x00000000c4600000, 0x00000000c4700000, 0x00000000c4700000|100%| O|  |TAMS 0x00000000c4700000, 0x00000000c4600000| Untracked 
|  47|0x00000000c4700000, 0x00000000c4800000, 0x00000000c4800000|100%| O|  |TAMS 0x00000000c4800000, 0x00000000c4700000| Untracked 
|  48|0x00000000c4800000, 0x00000000c48aaa00, 0x00000000c4900000| 66%| O|  |TAMS 0x00000000c48aaa00, 0x00000000c4800000| Untracked 
|  49|0x00000000c4900000, 0x00000000c4900000, 0x00000000c4a00000|  0%| F|  |TAMS 0x00000000c4900000, 0x00000000c4900000| Untracked 
|  50|0x00000000c4a00000, 0x00000000c4a00000, 0x00000000c4b00000|  0%| F|  |TAMS 0x00000000c4a00000, 0x00000000c4a00000| Untracked 
|  51|0x00000000c4b00000, 0x00000000c4b00000, 0x00000000c4c00000|  0%| F|  |TAMS 0x00000000c4b00000, 0x00000000c4b00000| Untracked 
|  52|0x00000000c4c00000, 0x00000000c4c00000, 0x00000000c4d00000|  0%| F|  |TAMS 0x00000000c4c00000, 0x00000000c4c00000| Untracked 
|  53|0x00000000c4d00000, 0x00000000c4d00000, 0x00000000c4e00000|  0%| F|  |TAMS 0x00000000c4d00000, 0x00000000c4d00000| Untracked 
|  54|0x00000000c4e00000, 0x00000000c4e00000, 0x00000000c4f00000|  0%| F|  |TAMS 0x00000000c4e00000, 0x00000000c4e00000| Untracked 
|  55|0x00000000c4f00000, 0x00000000c4f00000, 0x00000000c5000000|  0%| F|  |TAMS 0x00000000c4f00000, 0x00000000c4f00000| Untracked 
|  56|0x00000000c5000000, 0x00000000c5000000, 0x00000000c5100000|  0%| F|  |TAMS 0x00000000c5000000, 0x00000000c5000000| Untracked 
|  57|0x00000000c5100000, 0x00000000c5100000, 0x00000000c5200000|  0%| F|  |TAMS 0x00000000c5100000, 0x00000000c5100000| Untracked 
|  58|0x00000000c5200000, 0x00000000c5200000, 0x00000000c5300000|  0%| F|  |TAMS 0x00000000c5200000, 0x00000000c5200000| Untracked 
|  59|0x00000000c5300000, 0x00000000c5300000, 0x00000000c5400000|  0%| F|  |TAMS 0x00000000c5300000, 0x00000000c5300000| Untracked 
|  60|0x00000000c5400000, 0x00000000c5400000, 0x00000000c5500000|  0%| F|  |TAMS 0x00000000c5400000, 0x00000000c5400000| Untracked 
|  61|0x00000000c5500000, 0x00000000c5500000, 0x00000000c5600000|  0%| F|  |TAMS 0x00000000c5500000, 0x00000000c5500000| Untracked 
|  62|0x00000000c5600000, 0x00000000c5600000, 0x00000000c5700000|  0%| F|  |TAMS 0x00000000c5600000, 0x00000000c5600000| Untracked 
|  63|0x00000000c5700000, 0x00000000c5700000, 0x00000000c5800000|  0%| F|  |TAMS 0x00000000c5700000, 0x00000000c5700000| Untracked 
|  64|0x00000000c5800000, 0x00000000c5800000, 0x00000000c5900000|  0%| F|  |TAMS 0x00000000c5800000, 0x00000000c5800000| Untracked 
|  65|0x00000000c5900000, 0x00000000c5900000, 0x00000000c5a00000|  0%| F|  |TAMS 0x00000000c5900000, 0x00000000c5900000| Untracked 
|  66|0x00000000c5a00000, 0x00000000c5a00000, 0x00000000c5b00000|  0%| F|  |TAMS 0x00000000c5a00000, 0x00000000c5a00000| Untracked 
|  67|0x00000000c5b00000, 0x00000000c5c00000, 0x00000000c5c00000|100%| S|CS|TAMS 0x00000000c5b00000, 0x00000000c5b00000| Complete 
|  68|0x00000000c5c00000, 0x00000000c5d00000, 0x00000000c5d00000|100%| S|CS|TAMS 0x00000000c5c00000, 0x00000000c5c00000| Complete 
|  69|0x00000000c5d00000, 0x00000000c5e00000, 0x00000000c5e00000|100%| S|CS|TAMS 0x00000000c5d00000, 0x00000000c5d00000| Complete 
|  70|0x00000000c5e00000, 0x00000000c5e00000, 0x00000000c5f00000|  0%| F|  |TAMS 0x00000000c5e00000, 0x00000000c5e00000| Untracked 
|  71|0x00000000c5f00000, 0x00000000c5f00000, 0x00000000c6000000|  0%| F|  |TAMS 0x00000000c5f00000, 0x00000000c5f00000| Untracked 
|  72|0x00000000c6000000, 0x00000000c6000000, 0x00000000c6100000|  0%| F|  |TAMS 0x00000000c6000000, 0x00000000c6000000| Untracked 
|  73|0x00000000c6100000, 0x00000000c6100000, 0x00000000c6200000|  0%| F|  |TAMS 0x00000000c6100000, 0x00000000c6100000| Untracked 
|  74|0x00000000c6200000, 0x00000000c6200000, 0x00000000c6300000|  0%| F|  |TAMS 0x00000000c6200000, 0x00000000c6200000| Untracked 
|  75|0x00000000c6300000, 0x00000000c6300000, 0x00000000c6400000|  0%| F|  |TAMS 0x00000000c6300000, 0x00000000c6300000| Untracked 
|  76|0x00000000c6400000, 0x00000000c6400000, 0x00000000c6500000|  0%| F|  |TAMS 0x00000000c6400000, 0x00000000c6400000| Untracked 
|  77|0x00000000c6500000, 0x00000000c6500000, 0x00000000c6600000|  0%| F|  |TAMS 0x00000000c6500000, 0x00000000c6500000| Untracked 
|  78|0x00000000c6600000, 0x00000000c6600000, 0x00000000c6700000|  0%| F|  |TAMS 0x00000000c6600000, 0x00000000c6600000| Untracked 
|  79|0x00000000c6700000, 0x00000000c6700000, 0x00000000c6800000|  0%| F|  |TAMS 0x00000000c6700000, 0x00000000c6700000| Untracked 
|  80|0x00000000c6800000, 0x00000000c6800000, 0x00000000c6900000|  0%| F|  |TAMS 0x00000000c6800000, 0x00000000c6800000| Untracked 
|  81|0x00000000c6900000, 0x00000000c6900000, 0x00000000c6a00000|  0%| F|  |TAMS 0x00000000c6900000, 0x00000000c6900000| Untracked 
|  82|0x00000000c6a00000, 0x00000000c6a00000, 0x00000000c6b00000|  0%| F|  |TAMS 0x00000000c6a00000, 0x00000000c6a00000| Untracked 
|  83|0x00000000c6b00000, 0x00000000c6b00000, 0x00000000c6c00000|  0%| F|  |TAMS 0x00000000c6b00000, 0x00000000c6b00000| Untracked 
|  84|0x00000000c6c00000, 0x00000000c6c00000, 0x00000000c6d00000|  0%| F|  |TAMS 0x00000000c6c00000, 0x00000000c6c00000| Untracked 
|  85|0x00000000c6d00000, 0x00000000c6d00000, 0x00000000c6e00000|  0%| F|  |TAMS 0x00000000c6d00000, 0x00000000c6d00000| Untracked 
|  86|0x00000000c6e00000, 0x00000000c6e00000, 0x00000000c6f00000|  0%| F|  |TAMS 0x00000000c6e00000, 0x00000000c6e00000| Untracked 
|  87|0x00000000c6f00000, 0x00000000c6f4d300, 0x00000000c7000000| 30%| E|  |TAMS 0x00000000c6f00000, 0x00000000c6f00000| Complete 
|  88|0x00000000c7000000, 0x00000000c7100000, 0x00000000c7100000|100%| E|CS|TAMS 0x00000000c7000000, 0x00000000c7000000| Complete 
|  89|0x00000000c7100000, 0x00000000c7200000, 0x00000000c7200000|100%| E|CS|TAMS 0x00000000c7100000, 0x00000000c7100000| Complete 
|  90|0x00000000c7200000, 0x00000000c7300000, 0x00000000c7300000|100%| E|CS|TAMS 0x00000000c7200000, 0x00000000c7200000| Complete 
|  91|0x00000000c7300000, 0x00000000c7400000, 0x00000000c7400000|100%| E|CS|TAMS 0x00000000c7300000, 0x00000000c7300000| Complete 
|  92|0x00000000c7400000, 0x00000000c7500000, 0x00000000c7500000|100%| E|CS|TAMS 0x00000000c7400000, 0x00000000c7400000| Complete 

Card table byte_map: [0x000001bda82a0000,0x000001bda84a0000] _byte_map_base: 0x000001bda7c94000

Marking Bits (Prev, Next): (CMBitMap*) 0x000001bd919d0c00, (CMBitMap*) 0x000001bd919d0bc8
 Prev Bits: [0x000001bda9640000, 0x000001bdaa5e0000)
 Next Bits: [0x000001bda86a0000, 0x000001bda9640000)

Polling page: 0x000001bd8f7f0000

Metaspace:

Usage:
  Non-class:     30.86 MB capacity,    30.39 MB ( 98%) used,   415.17 KB (  1%) free+waste,    71.25 KB ( <1%) overhead. 
      Class:      3.96 MB capacity,     3.67 MB ( 93%) used,   272.26 KB (  7%) free+waste,    32.06 KB ( <1%) overhead. 
       Both:     34.83 MB capacity,    34.06 MB ( 98%) used,   687.43 KB (  2%) free+waste,   103.31 KB ( <1%) overhead. 

Virtual space:
  Non-class space:       32.00 MB reserved,      31.00 MB ( 97%) committed 
      Class space:        1.00 GB reserved,       4.00 MB ( <1%) committed 
             Both:        1.03 GB reserved,      35.00 MB (  3%) committed 

Chunk freelists:
   Non-Class:  1.38 KB
       Class:  640 bytes
        Both:  2.00 KB

CodeHeap 'non-profiled nmethods': size=120064Kb used=2874Kb max_used=2874Kb free=117189Kb
 bounds [0x000001bda0b60000, 0x000001bda0e30000, 0x000001bda80a0000]
CodeHeap 'profiled nmethods': size=120000Kb used=13163Kb max_used=13163Kb free=106836Kb
 bounds [0x000001bd99630000, 0x000001bd9a310000, 0x000001bda0b60000]
CodeHeap 'non-nmethods': size=5696Kb used=1140Kb max_used=1185Kb free=4555Kb
 bounds [0x000001bd990a0000, 0x000001bd99310000, 0x000001bd99630000]
 total_blobs=6304 nmethods=5828 adapters=387
 compilation: enabled
              stopped_count=0, restarted_count=0
 full_count=0

Compilation events (10 events):
Event: 37.148 Thread 0x000001bdad2f1800 nmethod 5865 0x000001bd9a2e3e90 code [0x000001bd9a2e45c0, 0x000001bd9a2e92a8]
Event: 37.789 Thread 0x000001bdad2f1800 5866   !   3       sun.nio.ch.FileChannelImpl::implCloseChannel (169 bytes)
Event: 37.792 Thread 0x000001bdad2f1800 nmethod 5866 0x000001bd9a2ead90 code [0x000001bd9a2eb0a0, 0x000001bd9a2ec6d8]
Event: 37.792 Thread 0x000001bdad2f1800 5867  s!   3       sun.nio.ch.NativeThreadSet::signalAndWait (134 bytes)
Event: 37.793 Thread 0x000001bdad2f1800 nmethod 5867 0x000001bd9a2ecd10 code [0x000001bd9a2ecf00, 0x000001bd9a2ed618]
Event: 38.210 Thread 0x000001bdad2f1800 5868       3       org.apache.maven.model.merge.ModelMerger::mergeRepositoryBase_Layout (43 bytes)
Event: 38.210 Thread 0x000001bdad2f1800 nmethod 5868 0x000001bd9a2ed890 code [0x000001bd9a2eda60, 0x000001bd9a2edfb8]
Event: 38.211 Thread 0x000001bdad2e8800 5869       4       org.apache.maven.model.merge.MavenModelMerger::mergePlugin_Executions (235 bytes)
Event: 38.230 Thread 0x000001bdad2f1800 5872       3       org.eclipse.aether.internal.impl.DefaultArtifactResolver::resolveArtifact (33 bytes)
Event: 38.231 Thread 0x000001bdad2f1800 nmethod 5872 0x000001bd9a2ee110 code [0x000001bd9a2ee340, 0x000001bd9a2eeb98]

GC Heap History (10 events):
Event: 21.932 GC heap before
{Heap before GC invocations=11 (full 0):
 garbage-first heap   total 78848K, used 58993K [0x00000000c1800000, 0x0000000100000000)
  region size 1024K, 38 young (38912K), 5 survivors (5120K)
 Metaspace       used 33921K, capacity 34745K, committed 34944K, reserved 1081344K
  class space    used 3668K, capacity 3968K, committed 3968K, reserved 1048576K
}
Event: 21.974 GC heap after
{Heap after GC invocations=12 (full 0):
 garbage-first heap   total 78848K, used 37755K [0x00000000c1800000, 0x0000000100000000)
  region size 1024K, 5 young (5120K), 5 survivors (5120K)
 Metaspace       used 33921K, capacity 34745K, committed 34944K, reserved 1081344K
  class space    used 3668K, capacity 3968K, committed 3968K, reserved 1048576K
}
Event: 23.383 GC heap before
{Heap before GC invocations=12 (full 0):
 garbage-first heap   total 78848K, used 47995K [0x00000000c1800000, 0x0000000100000000)
  region size 1024K, 13 young (13312K), 5 survivors (5120K)
 Metaspace       used 34637K, capacity 35522K, committed 35584K, reserved 1081344K
  class space    used 3748K, capacity 4056K, committed 4096K, reserved 1048576K
}
Event: 23.448 GC heap after
{Heap after GC invocations=13 (full 0):
 garbage-first heap   total 95232K, used 37332K [0x00000000c1800000, 0x0000000100000000)
  region size 1024K, 1 young (1024K), 1 survivors (1024K)
 Metaspace       used 34637K, capacity 35522K, committed 35584K, reserved 1081344K
  class space    used 3748K, capacity 4056K, committed 4096K, reserved 1048576K
}
Event: 28.390 GC heap before
{Heap before GC invocations=14 (full 0):
 garbage-first heap   total 95232K, used 66004K [0x00000000c1800000, 0x0000000100000000)
  region size 1024K, 28 young (28672K), 1 survivors (1024K)
 Metaspace       used 34729K, capacity 35589K, committed 35840K, reserved 1081344K
  class space    used 3748K, capacity 4056K, committed 4096K, reserved 1048576K
}
Event: 28.422 GC heap after
{Heap after GC invocations=15 (full 0):
 garbage-first heap   total 95232K, used 45056K [0x00000000c1800000, 0x0000000100000000)
  region size 1024K, 4 young (4096K), 4 survivors (4096K)
 Metaspace       used 34729K, capacity 35589K, committed 35840K, reserved 1081344K
  class space    used 3748K, capacity 4056K, committed 4096K, reserved 1048576K
}
Event: 28.576 GC heap before
{Heap before GC invocations=15 (full 0):
 garbage-first heap   total 95232K, used 45056K [0x00000000c1800000, 0x0000000100000000)
  region size 1024K, 5 young (5120K), 4 survivors (4096K)
 Metaspace       used 34729K, capacity 35589K, committed 35840K, reserved 1081344K
  class space    used 3748K, capacity 4056K, committed 4096K, reserved 1048576K
}
Event: 28.587 GC heap after
{Heap after GC invocations=16 (full 0):
 garbage-first heap   total 95232K, used 42863K [0x00000000c1800000, 0x0000000100000000)
  region size 1024K, 1 young (1024K), 1 survivors (1024K)
 Metaspace       used 34729K, capacity 35589K, committed 35840K, reserved 1081344K
  class space    used 3748K, capacity 4056K, committed 4096K, reserved 1048576K
}
Event: 34.843 GC heap before
{Heap before GC invocations=16 (full 0):
 garbage-first heap   total 95232K, used 64367K [0x00000000c1800000, 0x0000000100000000)
  region size 1024K, 23 young (23552K), 1 survivors (1024K)
 Metaspace       used 34823K, capacity 35663K, committed 35840K, reserved 1081344K
  class space    used 3754K, capacity 4059K, committed 4096K, reserved 1048576K
}
Event: 34.880 GC heap after
{Heap after GC invocations=17 (full 0):
 garbage-first heap   total 95232K, used 52906K [0x00000000c1800000, 0x0000000100000000)
  region size 1024K, 3 young (3072K), 3 survivors (3072K)
 Metaspace       used 34823K, capacity 35663K, committed 35840K, reserved 1081344K
  class space    used 3754K, capacity 4059K, committed 4096K, reserved 1048576K
}

Deoptimization events (10 events):
Event: 21.179 Thread 0x000001bd919aa000 Uncommon trap: reason=unstable_if action=reinterpret pc=0x000001bda0d7b7e0 method=java.util.jar.Attributes$Name.hash(Ljava/lang/String;)I @ 89 c2
Event: 21.707 Thread 0x000001bd919aa000 Uncommon trap: reason=unstable_if action=reinterpret pc=0x000001bda0d2e19c method=java.util.Spliterator.getExactSizeIfKnown()J @ 9 c2
Event: 22.215 Thread 0x000001bd919aa000 Uncommon trap: reason=bimorphic_or_optimized_type_check action=maybe_recompile pc=0x000001bda0c6babc method=java.util.HashMap.putVal(ILjava/lang/Object;Ljava/lang/Object;ZZ)Ljava/lang/Object; @ 253 c2
Event: 22.219 Thread 0x000001bd919aa000 Uncommon trap: reason=bimorphic_or_optimized_type_check action=maybe_recompile pc=0x000001bda0c6babc method=java.util.HashMap.putVal(ILjava/lang/Object;Ljava/lang/Object;ZZ)Ljava/lang/Object; @ 253 c2
Event: 22.223 Thread 0x000001bd919aa000 Uncommon trap: reason=bimorphic_or_optimized_type_check action=maybe_recompile pc=0x000001bda0c5e648 method=java.util.HashMap.putVal(ILjava/lang/Object;Ljava/lang/Object;ZZ)Ljava/lang/Object; @ 253 c2
Event: 25.476 Thread 0x000001bd919aa000 Uncommon trap: reason=intrinsic_or_type_checked_inlining action=make_not_entrant pc=0x000001bda0de3d70 method=java.util.ArrayList.toArray([Ljava/lang/Object;)[Ljava/lang/Object; @ 36 c2
Event: 26.029 Thread 0x000001bd919aa000 Uncommon trap: reason=class_check action=maybe_recompile pc=0x000001bda0b8c824 method=jdk.internal.loader.URLClassPath.getLoader(I)Ljdk/internal/loader/URLClassPath$Loader; @ 88 c2
Event: 26.029 Thread 0x000001bd919aa000 Uncommon trap: reason=class_check action=maybe_recompile pc=0x000001bda0b8c824 method=jdk.internal.loader.URLClassPath.getLoader(I)Ljdk/internal/loader/URLClassPath$Loader; @ 88 c2
Event: 27.266 Thread 0x000001bd919aa000 Uncommon trap: reason=unstable_if action=reinterpret pc=0x000001bda0b974bc method=jdk.internal.loader.URLClassPath$JarLoader.getResource(Ljava/lang/String;Z)Ljdk/internal/loader/Resource; @ 42 c2
Event: 28.861 Thread 0x000001bd919aa000 Uncommon trap: reason=unloaded action=reinterpret pc=0x000001bda0dba43c method=jdk.nio.zipfs.ZipDirectoryStream.<init>(Ljdk/nio/zipfs/ZipPath;Ljava/nio/file/DirectoryStream$Filter;)V @ 39 c2

Classes redefined (0 events):
No events

Internal exceptions (10 events):
Event: 33.806 Thread 0x000001bd919aa000 Exception <a 'sun/nio/fs/WindowsException'{0x00000000c5e066b0}> (0x00000000c5e066b0) thrown at [./open/src/hotspot/share/prims/jni.cpp, line 611]
Event: 33.806 Thread 0x000001bd919aa000 Exception <a 'sun/nio/fs/WindowsException'{0x00000000c5e06a50}> (0x00000000c5e06a50) thrown at [./open/src/hotspot/share/prims/jni.cpp, line 611]
Event: 35.375 Thread 0x000001bd919aa000 Exception <a 'sun/nio/fs/WindowsException'{0x00000000c735ae98}> (0x00000000c735ae98) thrown at [./open/src/hotspot/share/prims/jni.cpp, line 611]
Event: 35.376 Thread 0x000001bd919aa000 Exception <a 'sun/nio/fs/WindowsException'{0x00000000c735b590}> (0x00000000c735b590) thrown at [./open/src/hotspot/share/prims/jni.cpp, line 611]
Event: 35.376 Thread 0x000001bd919aa000 Exception <a 'sun/nio/fs/WindowsException'{0x00000000c735bb50}> (0x00000000c735bb50) thrown at [./open/src/hotspot/share/prims/jni.cpp, line 611]
Event: 35.377 Thread 0x000001bd919aa000 Exception <a 'sun/nio/fs/WindowsException'{0x00000000c735c220}> (0x00000000c735c220) thrown at [./open/src/hotspot/share/prims/jni.cpp, line 611]
Event: 35.377 Thread 0x000001bd919aa000 Exception <a 'sun/nio/fs/WindowsException'{0x00000000c735c478}> (0x00000000c735c478) thrown at [./open/src/hotspot/share/prims/jni.cpp, line 611]
Event: 35.378 Thread 0x000001bd919aa000 Exception <a 'sun/nio/fs/WindowsException'{0x00000000c735d0c0}> (0x00000000c735d0c0) thrown at [./open/src/hotspot/share/prims/jni.cpp, line 611]
Event: 35.378 Thread 0x000001bd919aa000 Exception <a 'sun/nio/fs/WindowsException'{0x00000000c735d300}> (0x00000000c735d300) thrown at [./open/src/hotspot/share/prims/jni.cpp, line 611]
Event: 35.378 Thread 0x000001bd919aa000 Exception <a 'sun/nio/fs/WindowsException'{0x00000000c735df38}> (0x00000000c735df38) thrown at [./open/src/hotspot/share/prims/jni.cpp, line 611]

Events (10 events):
Event: 34.800 loading class java/util/stream/ReduceOps$1ReducingSink
Event: 34.802 loading class java/util/stream/ReduceOps$1ReducingSink done
Event: 34.843 Executing VM operation: G1CollectForAllocation
Event: 34.880 Executing VM operation: G1CollectForAllocation done
Event: 35.007 Thread 0x000001bd919aa000 DEOPT PACKING pc=0x000001bd9a1a1454 sp=0x000000a45b7fc770
Event: 35.007 Thread 0x000001bd919aa000 DEOPT UNPACKING pc=0x000001bd990c6d5e sp=0x000000a45b7fbcf0 mode 0
Event: 35.215 Executing VM operation: CGC_Operation
Event: 35.346 Executing VM operation: CGC_Operation done
Event: 35.453 Executing VM operation: CGC_Operation
Event: 35.454 Executing VM operation: CGC_Operation done


Dynamic libraries:
0x00007ff6c53c0000 - 0x00007ff6c53d0000 	C:\Program Files\Java\jdk-11\bin\java.exe
0x00007ffb88ff0000 - 0x00007ffb891e8000 	C:\WINDOWS\SYSTEM32\ntdll.dll
0x00007ffb870d0000 - 0x00007ffb87192000 	C:\WINDOWS\System32\KERNEL32.DLL
0x00007ffb86a10000 - 0x00007ffb86d0e000 	C:\WINDOWS\System32\KERNELBASE.dll
0x00007ffb86d10000 - 0x00007ffb86e10000 	C:\WINDOWS\System32\ucrtbase.dll
0x00007ffb802a0000 - 0x00007ffb802b9000 	C:\Program Files\Java\jdk-11\bin\jli.dll
0x00007ffb80180000 - 0x00007ffb8019b000 	C:\Program Files\Java\jdk-11\bin\VCRUNTIME140.dll
0x00007ffb88650000 - 0x00007ffb88700000 	C:\WINDOWS\System32\ADVAPI32.dll
0x00007ffb88f10000 - 0x00007ffb88fae000 	C:\WINDOWS\System32\msvcrt.dll
0x00007ffb87540000 - 0x00007ffb875e0000 	C:\WINDOWS\System32\sechost.dll
0x00007ffb88d10000 - 0x00007ffb88e33000 	C:\WINDOWS\System32\RPCRT4.dll
0x00007ffb86ff0000 - 0x00007ffb87017000 	C:\WINDOWS\System32\bcrypt.dll
0x00007ffb88b70000 - 0x00007ffb88d0d000 	C:\WINDOWS\System32\USER32.dll
0x00007ffb86ea0000 - 0x00007ffb86ec2000 	C:\WINDOWS\System32\win32u.dll
0x00007ffb87fd0000 - 0x00007ffb87ffb000 	C:\WINDOWS\System32\GDI32.dll
0x00007ffb86ed0000 - 0x00007ffb86fe7000 	C:\WINDOWS\System32\gdi32full.dll
0x00007ffb866a0000 - 0x00007ffb8673d000 	C:\WINDOWS\System32\msvcp_win.dll
0x00007ffb7cc30000 - 0x00007ffb7ceca000 	C:\WINDOWS\WinSxS\amd64_microsoft.windows.common-controls_6595b64144ccf1df_6.0.19041.4355_none_60b8b9eb71f62e16\COMCTL32.dll
0x00007ffb7edf0000 - 0x00007ffb7edfa000 	C:\WINDOWS\SYSTEM32\VERSION.dll
0x00007ffb873f0000 - 0x00007ffb8741f000 	C:\WINDOWS\System32\IMM32.DLL
0x00007ffb81440000 - 0x00007ffb8144c000 	C:\Program Files\Java\jdk-11\bin\vcruntime140_1.dll
0x00007ffb5c8e0000 - 0x00007ffb5c96e000 	C:\Program Files\Java\jdk-11\bin\msvcp140.dll
0x00007ffb15190000 - 0x00007ffb15cee000 	C:\Program Files\Java\jdk-11\bin\server\jvm.dll
0x00007ffb87790000 - 0x00007ffb87798000 	C:\WINDOWS\System32\PSAPI.DLL
0x00007ffb81520000 - 0x00007ffb81529000 	C:\WINDOWS\SYSTEM32\WSOCK32.dll
0x00007ffb7c980000 - 0x00007ffb7c9a7000 	C:\WINDOWS\SYSTEM32\WINMM.dll
0x00007ffb88000000 - 0x00007ffb8806b000 	C:\WINDOWS\System32\WS2_32.dll
0x00007ffb844e0000 - 0x00007ffb844f2000 	C:\WINDOWS\SYSTEM32\kernel.appcore.dll
0x00007ffb81400000 - 0x00007ffb81410000 	C:\Program Files\Java\jdk-11\bin\verify.dll
0x00007ffb75ec0000 - 0x00007ffb760a4000 	C:\WINDOWS\SYSTEM32\DBGHELP.DLL
0x00007ffb75980000 - 0x00007ffb759b4000 	C:\WINDOWS\SYSTEM32\dbgcore.DLL
0x00007ffb86e10000 - 0x00007ffb86e92000 	C:\WINDOWS\System32\bcryptPrimitives.dll
0x00007ffb70110000 - 0x00007ffb70138000 	C:\Program Files\Java\jdk-11\bin\java.dll
0x00007ffb80170000 - 0x00007ffb8017a000 	C:\Program Files\Java\jdk-11\bin\jimage.dll
0x00007ffb6bc90000 - 0x00007ffb6bca7000 	C:\Program Files\Java\jdk-11\bin\zip.dll
0x00007ffb87860000 - 0x00007ffb87fcf000 	C:\WINDOWS\System32\SHELL32.dll
0x00007ffb846e0000 - 0x00007ffb84e84000 	C:\WINDOWS\SYSTEM32\windows.storage.dll
0x00007ffb882f0000 - 0x00007ffb88643000 	C:\WINDOWS\System32\combase.dll
0x00007ffb85ff0000 - 0x00007ffb8601e000 	C:\WINDOWS\SYSTEM32\Wldp.dll
0x00007ffb881a0000 - 0x00007ffb8826d000 	C:\WINDOWS\System32\OLEAUT32.dll
0x00007ffb87280000 - 0x00007ffb8732d000 	C:\WINDOWS\System32\SHCORE.dll
0x00007ffb88e40000 - 0x00007ffb88e95000 	C:\WINDOWS\System32\shlwapi.dll
0x00007ffb865d0000 - 0x00007ffb865f4000 	C:\WINDOWS\SYSTEM32\profapi.dll
0x00007ffb6bbf0000 - 0x00007ffb6bc09000 	C:\Program Files\Java\jdk-11\bin\net.dll
0x00007ffb7c360000 - 0x00007ffb7c46d000 	C:\WINDOWS\SYSTEM32\WINHTTP.dll
0x00007ffb85dd0000 - 0x00007ffb85e3a000 	C:\WINDOWS\system32\mswsock.dll
0x00007ffb6bb10000 - 0x00007ffb6bb22000 	C:\Program Files\Java\jdk-11\bin\nio.dll
0x0000000069ac0000 - 0x0000000069ae4000 	D:\maven\apache-maven-3.9.6\lib\jansi-native\Windows\x86_64\jansi.dll

dbghelp: loaded successfully - version: 4.0.5 - missing functions: none
symbol engine: initialized successfully - sym options: 0x614 - pdb path: .;C:\Program Files\Java\jdk-11\bin;C:\WINDOWS\SYSTEM32;C:\WINDOWS\WinSxS\amd64_microsoft.windows.common-controls_6595b64144ccf1df_6.0.19041.4355_none_60b8b9eb71f62e16;C:\Program Files\Java\jdk-11\bin\server;D:\maven\apache-maven-3.9.6\lib\jansi-native\Windows\x86_64

VM Arguments:
jvm_args: -Dclassworlds.conf=D:\maven\apache-maven-3.9.6\bin\m2.conf -Dmaven.home=D:\maven\apache-maven-3.9.6 -Dlibrary.jansi.path=D:\maven\apache-maven-3.9.6\lib\jansi-native -Dmaven.multiModuleProjectDirectory=D:\Food\eurekaServer 
java_command: org.codehaus.plexus.classworlds.launcher.Launcher clean package
java_class_path (initial): D:\maven\apache-maven-3.9.6\boot\plexus-classworlds-2.7.0.jar
Launcher Type: SUN_STANDARD

[Global flags]
     intx CICompilerCount                          = 3                                         {product} {ergonomic}
     uint ConcGCThreads                            = 1                                         {product} {ergonomic}
     uint G1ConcRefinementThreads                  = 4                                         {product} {ergonomic}
   size_t G1HeapRegionSize                         = 1048576                                   {product} {ergonomic}
    uintx GCDrainStackTargetSize                   = 64                                        {product} {ergonomic}
   size_t InitialHeapSize                          = 67108864                                  {product} {ergonomic}
   size_t MarkStackSize                            = 4194304                                   {product} {ergonomic}
   size_t MaxHeapSize                              = 1048576000                                {product} {ergonomic}
   size_t MaxNewSize                               = 629145600                                 {product} {ergonomic}
   size_t MinHeapDeltaBytes                        = 1048576                                   {product} {ergonomic}
    uintx NonNMethodCodeHeapSize                   = 5830732                                {pd product} {ergonomic}
    uintx NonProfiledCodeHeapSize                  = 122913754                              {pd product} {ergonomic}
    uintx ProfiledCodeHeapSize                     = 122913754                              {pd product} {ergonomic}
    uintx ReservedCodeCacheSize                    = 251658240                              {pd product} {ergonomic}
     bool SegmentedCodeCache                       = true                                      {product} {ergonomic}
     bool UseCompressedClassPointers               = true                                 {lp64_product} {ergonomic}
     bool UseCompressedOops                        = true                                 {lp64_product} {ergonomic}
     bool UseG1GC                                  = true                                      {product} {ergonomic}
     bool UseLargePagesIndividualAllocation        = false                                  {pd product} {ergonomic}

Logging:
Log output configuration:
 #0: stdout all=warning uptime,level,tags
 #1: stderr all=off uptime,level,tags

Environment Variables:
JAVA_HOME=C:\Program Files\Java\jdk-11
PATH=C:/sts-4.17.2.RELEASE//plugins/org.eclipse.justj.openjdk.hotspot.jre.full.win32.x86_64_17.0.6.v20230125-1136/jre/bin/server;C:/sts-4.17.2.RELEASE//plugins/org.eclipse.justj.openjdk.hotspot.jre.full.win32.x86_64_17.0.6.v20230125-1136/jre/bin;C:\Program Files\Common Files\Oracle\Java\javapath;C:\Python311\Scripts\;C:\Python311\;C:\Program Files\Java\jdk-11\bin;C:\WINDOWS\system32;C:\WINDOWS;C:\WINDOWS\System32\Wbem;C:\WINDOWS\System32\WindowsPowerShell\v1.0\;C:\WINDOWS\System32\OpenSSH\;C:\Program Files\Git\cmd;C:\Program Files (x86)\Yarn\bin\;C:\Users\Admin\AppData\Local\Programs\Python\Python39;C:\Users\Admin\AppData\Local\Programs\Python\Python39\Scripts;C:\Program Files (x86)\Microsoft SQL Server\160\DTS\Binn\;C:\Program Files\Azure Data Studio\bin;C:\Program Files (x86)\Microsoft SQL Server\160\Tools\Binn\;C:\Program Files\Microsoft SQL Server\160\Tools\Binn\;C:\Program Files\Microsoft SQL Server\Client SDK\ODBC\170\Tools\Binn\;C:\Program Files\Microsoft SQL Server\160\DTS\Binn\;C:\Program Files\Docker\Docker\resources\bin;C:\ProgramData\chocolatey\bin;D:\maven\apache-maven-3.9.6\bin;C:\Users\Admin\AppData\Roaming\nvm;C:\Program Files\nodejs;C:\Program Files\nodejs\;C:\Program Files\PuTTY\;C:\Program Files\Java\jdk-11\bin;C:\Program Files\MySQL\MySQL Shell 8.0\bin\;C:\Users\Admin\AppData\Local\Microsoft\WindowsApps;C:\Users\Admin\AppData\Local\Programs\Microsoft VS Code\bin;C:\Users\Admin\AppData\Local\Yarn\bin;C:\Users\Admin\AppData\Local\GitHubDesktop\bin;C:\Program Files\JetBrains\IntelliJ IDEA Community Edition 2023.1.1\bin;;C:\Program Files\Azure Data Studio\bin;C:\Users\Admin\AppData\Roaming\nvm;C:\Users\Admin\.nvm;C:\Users\Admin\AppData\Roaming\npm;C:\Program Files\MongoDB\Server\7.0\bin;;C:\sts-4.17.2.RELEASE;
USERNAME=Admin
OS=Windows_NT
PROCESSOR_IDENTIFIER=Intel64 Family 6 Model 69 Stepping 1, GenuineIntel



---------------  S Y S T E M  ---------------

OS: Windows 10 , 64 bit Build 19041 (10.0.19041.4957)
Hyper-V role detected

CPU:total 4 (initial active 4) (2 cores per cpu, 2 threads per core) family 6 model 69 stepping 1 microcode 0x25, cmov, cx8, fxsr, mmx, sse, sse2, sse3, ssse3, sse4.1, sse4.2, popcnt, avx, avx2, aes, clmul, erms, lzcnt, ht, tsc, tscinvbit, bmi1, bmi2, fma

Memory: 4k page, system-wide physical 3999M (60M free)
TotalPageFile size 16287M (AvailPageFile size 6M)
current process WorkingSet (physical memory assigned to process): 177M, peak: 201M
current process commit charge ("private bytes"): 226M, peak: 252M

vm_info: Java HotSpot(TM) 64-Bit Server VM (11.0.23+7-LTS-222) for windows-amd64 JRE (11.0.23+7-LTS-222), built on Mar 11 2024 22:13:52 by "mach5one" with MS VC++ 17.6 (VS2022)

END.
